2026-07-08T23:45:24: 127.0.0.1 configured as dev  < / >
2026-07-08T23:45:24: Spinning on 4000 🌀
2026-07-08T23:45:24: SCRAP_ON_START enabled — running one scrape on boot
2026-07-08T23:45:26: myfxbook outlook done :) 186 symbols
2026-07-08T23:45:31: ✅ 7/8/2026, 9:15:31 PM { currency: 'USDZAR', percent: 0.5, longShort: 'short', status: 1 } ig [0/18]
2026-07-08T23:45:31: ✅ 7/8/2026, 9:15:31 PM { currency: 'EURUSD', shortPercent: 0.36, status: 1 } myFxBook [0/34]
2026-07-08T23:45:37: ✅ 7/8/2026, 9:15:37 PM { currency: 'USDNOK', percent: 0.51, longShort: 'long', status: 1 } ig [1/18]
2026-07-08T23:45:37: ✅ 7/8/2026, 9:15:37 PM { currency: 'GBPUSD', shortPercent: 0.76, status: 1 } myFxBook [1/34]
2026-07-08T23:45:43: ✅ 7/8/2026, 9:15:43 PM { currency: 'USDSEK', percent: 0.55, longShort: 'long', status: 1 } ig [2/18]
2026-07-08T23:45:43: ✅ 7/8/2026, 9:15:43 PM { currency: 'USDJPY', shortPercent: 0.83, status: 1 } myFxBook [2/34]
2026-07-08T23:45:47: GET /admin/error_logs 200 62 - 7.543 ms
2026-07-08T23:45:49: GET /admin/error_logs 200 62 - 0.343 ms
2026-07-08T23:45:50: ✅ 7/8/2026, 9:15:50 PM { currency: 'USDDKK', percent: 0.64, longShort: 'long', status: 1 } ig [3/18]
2026-07-08T23:45:50: ✅ 7/8/2026, 9:15:50 PM { currency: 'GBPJPY', shortPercent: 0.81, status: 1 } myFxBook [3/34]
2026-07-08T23:45:51: GET /admin/error_logs 200 62 - 0.555 ms
2026-07-08T23:45:52: GET /admin/error_logs 200 62 - 0.276 ms
2026-07-08T23:45:52: GET /admin/error_logs 200 62 - 0.244 ms
2026-07-08T23:45:52: GET /admin/error_logs 200 62 - 0.286 ms
2026-07-08T23:45:53: GET /admin/error_logs 200 62 - 0.258 ms
2026-07-08T23:45:53: GET /admin/error_logs 200 62 - 0.352 ms
2026-07-08T23:45:53: GET /admin/error_logs 200 62 - 0.340 ms
2026-07-08T23:45:53: GET /admin/error_logs 200 62 - 0.247 ms
2026-07-08T23:45:54: GET /admin/error_logs 200 62 - 0.233 ms
2026-07-08T23:45:54: GET /admin/error_logs 200 62 - 0.373 ms
2026-07-08T23:45:54: GET /admin/error_logs 200 62 - 0.295 ms
2026-07-08T23:45:54: GET /admin/error_logs 200 62 - 0.251 ms
2026-07-08T23:45:54: GET /admin/error_logs 200 62 - 0.493 ms
2026-07-08T23:45:55: GET /admin/error_logs 200 62 - 0.241 ms
2026-07-08T23:45:55: GET /admin/error_logs 200 62 - 0.390 ms
2026-07-08T23:45:55: GET /admin/error_logs 200 62 - 0.389 ms
2026-07-08T23:45:55: GET /admin/error_logs 200 62 - 0.247 ms
2026-07-08T23:45:55: GET /admin/error_logs 200 62 - 0.221 ms
2026-07-08T23:45:55: GET /admin/error_logs 200 62 - 0.242 ms
2026-07-08T23:45:56: GET /admin/error_logs 200 62 - 0.446 ms
2026-07-08T23:45:56: ✅ 7/8/2026, 9:15:56 PM { currency: 'USDSGD', percent: 0.74, longShort: 'long', status: 1 } ig [4/18]
2026-07-08T23:45:56: ✅ 7/8/2026, 9:15:56 PM { currency: 'USDCAD', shortPercent: 0.84, status: 1 } myFxBook [4/34]
2026-07-08T23:45:56: GET /admin/error_logs 200 62 - 0.204 ms
2026-07-08T23:46:01: ✅ 7/8/2026, 9:16:01 PM { currency: 'GBPNOK', percent: 0.62, longShort: 'short', status: 1 } ig [5/18]
2026-07-08T23:46:01: ✅ 7/8/2026, 9:16:01 PM { currency: 'EURAUD', shortPercent: 0.35, status: 1 } myFxBook [5/34]
2026-07-08T23:46:07: ✅ 7/8/2026, 9:16:07 PM { currency: 'EURNOK', percent: 0.67, longShort: 'short', status: 1 } ig [6/18]
2026-07-08T23:46:07: ✅ 7/8/2026, 9:16:07 PM { currency: 'EURJPY', shortPercent: 0.77, status: 1 } myFxBook [6/34]
2026-07-08T23:46:13: ✅ 7/8/2026, 9:16:13 PM { currency: 'EURSEK', percent: 0.58, longShort: 'short', status: 1 } ig [7/18]
2026-07-08T23:46:13: ✅ 7/8/2026, 9:16:13 PM { currency: 'AUDCAD', shortPercent: 0.55, status: 1 } myFxBook [7/34]
2026-07-08T23:46:19: ✅ 7/8/2026, 9:16:19 PM { currency: 'GBPSEK', percent: 0.62, longShort: 'short', status: 1 } ig [8/18]
2026-07-08T23:46:19: ✅ 7/8/2026, 9:16:19 PM { currency: 'AUDJPY', shortPercent: 0.56, status: 1 } myFxBook [8/34]
2026-07-08T23:46:24: ✅ 7/8/2026, 9:16:24 PM { currency: 'EURZAR', percent: 0.81, longShort: 'short', status: 1 } ig [9/18]
2026-07-08T23:46:24: ✅ 7/8/2026, 9:16:24 PM { currency: 'AUDNZD', shortPercent: 0.84, status: 1 } myFxBook [9/34]
2026-07-08T23:46:30: ✅ 7/8/2026, 9:16:30 PM { currency: 'GBPZAR', percent: 0.61, longShort: 'short', status: 1 } ig [10/18]
2026-07-08T23:46:30: ✅ 7/8/2026, 9:16:30 PM { currency: 'AUDUSD', shortPercent: 0.48, status: 1 } myFxBook [10/34]
2026-07-08T23:46:35: ✅ 7/8/2026, 9:16:35 PM { currency: 'XPTUSD', percent: 0, longShort: 'NA', status: 0 } ig [11/18]
2026-07-08T23:46:35: ✅ 7/8/2026, 9:16:35 PM { currency: 'CADJPY', shortPercent: 0.67, status: 1 } myFxBook [11/34]
2026-07-08T23:46:37: GET /admin/error_logs 200 1004 - 2.318 ms
2026-07-08T23:46:41: ✅ 7/8/2026, 9:16:41 PM { currency: 'OILUSD', percent: 0.73, longShort: 'long', status: 1 } ig [12/18]
2026-07-08T23:46:41: ✅ 7/8/2026, 9:16:41 PM { currency: 'EURCAD', shortPercent: 0.3, status: 1 } myFxBook [12/34]
2026-07-08T23:46:46: ✅ 7/8/2026, 9:16:46 PM { currency: '#US500', percent: 0.51, longShort: 'short', status: 1 } ig [13/18]
2026-07-08T23:46:46: ✅ 7/8/2026, 9:16:46 PM { currency: 'EURCHF', shortPercent: 0.59, status: 1 } myFxBook [13/34]
2026-07-08T23:46:50: ✅ 7/8/2026, 9:16:50 PM { currency: '#NAS100', percent: 0.61, longShort: 'long', status: 1 } ig [14/18]
2026-07-08T23:46:50: ✅ 7/8/2026, 9:16:50 PM { currency: 'EURGBP', shortPercent: 0.11, status: 1 } myFxBook [14/34]
2026-07-08T23:46:54: ✅ 7/8/2026, 9:16:54 PM { currency: '#NIK225', percent: 0.71, longShort: 'long', status: 1 } ig [15/18]
2026-07-08T23:46:54: ✅ 7/8/2026, 9:16:54 PM { currency: 'EURNZD', shortPercent: 0.76, status: 1 } myFxBook [15/34]
2026-07-08T23:46:58: ✅ 7/8/2026, 9:16:58 PM { currency: '#DE40', percent: 0.5, longShort: 'short', status: 1 } ig [16/18]
2026-07-08T23:46:58: ✅ 7/8/2026, 9:16:58 PM { currency: 'GBPCAD', shortPercent: 0.84, status: 1 } myFxBook [16/34]
2026-07-08T23:47:04: ✅ 7/8/2026, 9:17:04 PM { currency: '#US30', percent: 0.57, longShort: 'short', status: 1 } ig [17/18]
2026-07-08T23:47:04: ✅ 7/8/2026, 9:17:04 PM { currency: 'GBPCHF', shortPercent: 0.84, status: 1 } myFxBook [17/34]
2026-07-08T23:47:10: ✅ 7/8/2026, 9:17:10 PM { currency: '#GB100', percent: 0.5, longShort: 'short', status: 1 } ig [18/18]
2026-07-08T23:47:10: ✅ 7/8/2026, 9:17:10 PM { currency: 'NZDCAD', shortPercent: 0.45, status: 1 } myFxBook [18/34]
2026-07-08T23:47:14: ✅ 7/8/2026, 9:17:14 PM { currency: 'NZDJPY', shortPercent: 0.32, status: 1 } myFxBook [19/34]
2026-07-08T23:47:18: ✅ 7/8/2026, 9:17:18 PM { currency: 'NZDUSD', shortPercent: 0.18, status: 1 } myFxBook [20/34]
2026-07-08T23:47:22: ✅ 7/8/2026, 9:17:22 PM { currency: 'USDCHF', shortPercent: 0.6, status: 1 } myFxBook [21/34]
2026-07-08T23:47:26: ✅ 7/8/2026, 9:17:26 PM { currency: 'CHFJPY', shortPercent: 0.77, status: 1 } myFxBook [22/34]
2026-07-08T23:47:30: ✅ 7/8/2026, 9:17:30 PM { currency: 'AUDCHF', shortPercent: 0.66, status: 1 } myFxBook [23/34]
2026-07-08T23:47:34: ✅ 7/8/2026, 9:17:34 PM { currency: 'GBPNZD', shortPercent: 0.92, status: 1 } myFxBook [24/34]
2026-07-08T23:47:38: ✅ 7/8/2026, 9:17:38 PM { currency: 'NZDCHF', shortPercent: 0.28, status: 1 } myFxBook [25/34]
2026-07-08T23:47:42: ✅ 7/8/2026, 9:17:42 PM { currency: 'CADCHF', shortPercent: 0.26, status: 1 } myFxBook [26/34]
2026-07-08T23:47:46: ✅ 7/8/2026, 9:17:46 PM { currency: 'GBPAUD', shortPercent: 0.83, status: 1 } myFxBook [27/34]
2026-07-08T23:47:50: ✅ 7/8/2026, 9:17:50 PM { currency: 'XAGUSD', shortPercent: 0.42, status: 1 } myFxBook [28/34]
2026-07-08T23:47:54: ✅ 7/8/2026, 9:17:54 PM { currency: 'XAGUSD', shortPercent: 0.42, status: 1 } myFxBook [29/34]
2026-07-08T23:47:58: ✅ 7/8/2026, 9:17:58 PM { currency: 'XAUUSD', shortPercent: 0.43, status: 1 } myFxBook [30/34]
2026-07-08T23:48:02: ✅ 7/8/2026, 9:18:02 PM { currency: 'XAUEUR', shortPercent: 0.58, status: 1 } myFxBook [31/34]
2026-07-08T23:48:06: ✅ 7/8/2026, 9:18:06 PM { currency: 'XAUAUD', shortPercent: 0.4, status: 1 } myFxBook [32/34]
2026-07-08T23:48:10: ✅ 7/8/2026, 9:18:10 PM { currency: 'XAUGBP', shortPercent: 0, status: 1 } myFxBook [33/34]
2026-07-08T23:48:14: ✅ 7/8/2026, 9:18:14 PM { currency: 'XAUCHF', shortPercent: 0.03, status: 1 } myFxBook [34/34]
2026-07-08T23:48:14: All done :)
2026-07-08T23:48:14: 📁 history saved /home/anuj/Downloads/Documents/Projects/ISS/scrapper/history/2026-07-08T21-18-14.json + /home/anuj/Downloads/Documents/Projects/ISS/scrapper/history/2026-07-08T21-18-14.xlsx
2026-07-08T23:48:15: ✅ session result posted to http://95.111.231.83/api/forex_ssi/myfxbook
2026-07-08T23:48:51: POST /admin/reset/log 200 2 - 0.498 ms
2026-07-08T23:49:16: POST /admin/reset/all 200 2 - 3.988 ms
